<?xml version="1.0" encoding="UTF-8"?>
<!-- Generated by org.testng.reporters.JUnitReportReporter -->
<testsuite skipped="0" hostname="HYD-LAP-00596" name="restassured.QueryParamDemo" tests="4" failures="0" timestamp="7 Jan 2020 07:41:37 GMT" time="2.531" errors="0">
  <testcase name="testStateParam" time="0.130" classname="restassured.QueryParamDemo"/>
  <testcase name="testLocationParam" time="2.120" classname="restassured.QueryParamDemo"/>
  <testcase name="testSalaryParam" time="0.153" classname="restassured.QueryParamDemo"/>
  <testcase name="testQueryGenderParam" time="0.128" classname="restassured.QueryParamDemo"/>
</testsuite> <!-- restassured.QueryParamDemo -->
