<?xml version="1.0" encoding="UTF-8"?>
<!-- Generated by org.testng.reporters.JUnitReportReporter -->
<testsuite skipped="0" hostname="HYD-LAP-00596" name="restassured.QueryParamDemoTest" tests="1" failures="0" timestamp="11 Dec 2019 11:12:34 GMT" time="0.078" errors="0">
  <testcase name="f" time="0.078" classname="restassured.QueryParamDemoTest"/>
</testsuite> <!-- restassured.QueryParamDemoTest -->
