<?xml version="1.0" encoding="UTF-8"?>
<!-- Generated by org.testng.reporters.JUnitReportReporter -->
<testsuite skipped="0" hostname="HYD-LAP-00596" name="restassured.FindGetResponse" tests="1" failures="0" timestamp="7 Jan 2020 07:48:18 GMT" time="1.839" errors="0">
  <testcase name="getResponse" time="1.839" classname="restassured.FindGetResponse"/>
</testsuite> <!-- restassured.FindGetResponse -->
