<?xml version="1.0" encoding="UTF-8"?>
<!-- Generated by org.testng.reporters.JUnitReportReporter -->
<testsuite skipped="0" hostname="HYD-LAP-00596" name="SSSSS" tests="1" failures="0" timestamp="17 Dec 2019 12:39:23 GMT" time="2.425" errors="0">
  <testcase name="apiServerTest" time="2.425" classname="SSSSS"/>
</testsuite> <!-- SSSSS -->
