<?xml version="1.0" encoding="UTF-8"?>
<!-- Generated by org.testng.reporters.JUnitReportReporter -->
<testsuite skipped="0" hostname="HYD-LAP-00596" name="restassured.RestAssuredGetWeather" tests="1" failures="0" timestamp="11 Dec 2019 11:44:22 GMT" time="2.299" errors="0">
  <testcase name="geResponse" time="2.299" classname="restassured.RestAssuredGetWeather"/>
</testsuite> <!-- restassured.RestAssuredGetWeather -->
