<?xml version="1.0" encoding="UTF-8"?>
<!-- Generated by org.testng.reporters.JUnitReportReporter -->
<testsuite skipped="0" hostname="HYD-LAP-00596" name="GetresponseDemo" tests="1" failures="0" timestamp="19 Dec 2019 09:16:13 GMT" time="2.307" errors="0">
  <testcase name="findCityWheather" time="2.307" classname="GetresponseDemo"/>
</testsuite> <!-- GetresponseDemo -->
