<?xml version="1.0" encoding="UTF-8"?>
<!-- Generated by org.testng.reporters.JUnitReportReporter -->
<testsuite skipped="0" hostname="HYD-LAP-00596" name="restassured.GetAndPostTest" tests="2" failures="0" timestamp="7 Jan 2020 08:00:56 GMT" time="1.875" errors="0">
  <testcase name="postserviceop" time="1.678" classname="restassured.GetAndPostTest"/>
  <testcase name="testQueryGenderParam" time="0.197" classname="restassured.GetAndPostTest"/>
</testsuite> <!-- restassured.GetAndPostTest -->
